0 verbose cli C:\Program Files\nodejs\node.exe C:\Program Files\nodejs\node_modules\npm\bin\npm-cli.js
1 info using npm@11.6.2
2 info using node@v24.12.0
3 silly config load:file:C:\Program Files\nodejs\node_modules\npm\npmrc
4 silly config load:file:D:\Bashir Projects\my Portfolio\backend\.npmrc
5 silly config load:file:C:\Users\AZAF\.npmrc
6 silly config load:file:C:\Users\AZAF\AppData\Roaming\npm\etc\npmrc
7 verbose title npm install
8 verbose argv "install"
9 verbose logfile logs-max:10 dir:D:\Bashir Projects\my Portfolio\backend\.npm-cache\_logs\2026-02-22T18_59_32_658Z-
10 verbose logfile D:\Bashir Projects\my Portfolio\backend\.npm-cache\_logs\2026-02-22T18_59_32_658Z-debug-0.log
11 silly logfile done cleaning log files
12 silly packumentCache heap:4496293888 maxSize:1124073472 maxEntrySize:562036736
13 silly idealTree buildDeps
14 silly fetch manifest bcryptjs@^2.4.3
15 silly packumentCache full:https://registry.npmjs.org/bcryptjs cache-miss
16 http fetch GET 200 https://registry.npmjs.org/bcryptjs 917ms (cache miss)
17 silly fetch manifest cors@^2.8.5
18 silly packumentCache full:https://registry.npmjs.org/cors cache-miss
19 http fetch GET 200 https://registry.npmjs.org/cors 969ms (cache miss)
20 silly fetch manifest express-async-errors@^3.1.1
21 silly packumentCache full:https://registry.npmjs.org/express-async-errors cache-miss
22 http fetch GET 200 https://registry.npmjs.org/express-async-errors 821ms (cache miss)
23 silly fetch manifest express-mongo-sanitize@^2.2.0
24 silly packumentCache full:https://registry.npmjs.org/express-mongo-sanitize cache-miss
25 http fetch GET 200 https://registry.npmjs.org/express-mongo-sanitize 984ms (cache miss)
26 silly fetch manifest express-rate-limit@^7.5.0
27 silly packumentCache full:https://registry.npmjs.org/express-rate-limit cache-miss
28 http fetch GET 200 https://registry.npmjs.org/express-rate-limit 596ms (cache miss)
29 silly fetch manifest helmet@^7.2.0
30 silly packumentCache full:https://registry.npmjs.org/helmet cache-miss
31 http fetch GET 200 https://registry.npmjs.org/helmet 501ms (cache miss)
32 silly fetch manifest http-status-codes@^2.3.0
33 silly packumentCache full:https://registry.npmjs.org/http-status-codes cache-miss
34 http fetch GET 200 https://registry.npmjs.org/http-status-codes 1262ms (cache miss)
35 silly fetch manifest jsonwebtoken@^9.0.2
36 silly packumentCache full:https://registry.npmjs.org/jsonwebtoken cache-miss
37 http fetch GET 200 https://registry.npmjs.org/jsonwebtoken 525ms (cache miss)
38 silly fetch manifest morgan@^1.10.0
39 silly packumentCache full:https://registry.npmjs.org/morgan cache-miss
40 http fetch GET 200 https://registry.npmjs.org/morgan 574ms (cache miss)
41 silly fetch manifest slugify@^1.6.6
42 silly packumentCache full:https://registry.npmjs.org/slugify cache-miss
43 http fetch GET 200 https://registry.npmjs.org/slugify 904ms (cache miss)
44 silly fetch manifest xss-clean@^0.1.4
45 silly packumentCache full:https://registry.npmjs.org/xss-clean cache-miss
46 http fetch GET 200 https://registry.npmjs.org/xss-clean 861ms (cache miss)
47 silly fetch manifest zod@^3.23.8
48 silly packumentCache full:https://registry.npmjs.org/zod cache-miss
49 http fetch GET 200 https://registry.npmjs.org/zod 831ms (cache miss)
50 silly fetch manifest eslint@^9.0.0
51 silly packumentCache full:https://registry.npmjs.org/eslint cache-miss
52 http fetch GET 200 https://registry.npmjs.org/eslint 316ms (cache miss)
53 silly placeDep ROOT bcryptjs@ OK for: portfolio-server@1.0.0 want: ^2.4.3
54 silly placeDep ROOT cors@ OK for: portfolio-server@1.0.0 want: ^2.8.5
55 silly placeDep ROOT eslint@ OK for: portfolio-server@1.0.0 want: ^9.0.0
56 silly placeDep ROOT express-async-errors@ OK for: portfolio-server@1.0.0 want: ^3.1.1
57 silly placeDep ROOT express-mongo-sanitize@ OK for: portfolio-server@1.0.0 want: ^2.2.0
58 silly placeDep ROOT express-rate-limit@ OK for: portfolio-server@1.0.0 want: ^7.5.0
59 silly placeDep ROOT helmet@ OK for: portfolio-server@1.0.0 want: ^7.2.0
60 silly placeDep ROOT http-status-codes@ OK for: portfolio-server@1.0.0 want: ^2.3.0
61 silly placeDep ROOT jsonwebtoken@ OK for: portfolio-server@1.0.0 want: ^9.0.2
62 silly placeDep ROOT morgan@ OK for: portfolio-server@1.0.0 want: ^1.10.0
63 silly placeDep ROOT slugify@ OK for: portfolio-server@1.0.0 want: ^1.6.6
64 silly placeDep ROOT xss-clean@ OK for: portfolio-server@1.0.0 want: ^0.1.4
65 silly placeDep ROOT zod@ OK for: portfolio-server@1.0.0 want: ^3.23.8
66 verbose type system
67 verbose stack FetchError: Invalid response body while trying to fetch https://registry.npmjs.org/bcryptjs: EPERM: operation not permitted, unlink 'D:\Bashir Projects\my Portfolio\backend\.npm-cache\_cacache\tmp\1a14455e'
67 verbose stack     at C:\Program Files\nodejs\node_modules\npm\node_modules\minipass-fetch\lib\body.js:170:15
67 verbose stack     at async Response.json (C:\Program Files\nodejs\node_modules\npm\node_modules\minipass-fetch\lib\body.js:75:17)
67 verbose stack     at async RegistryFetcher.packument (C:\Program Files\nodejs\node_modules\npm\node_modules\pacote\lib\registry.js:98:25)
67 verbose stack     at async RegistryFetcher.manifest (C:\Program Files\nodejs\node_modules\npm\node_modules\pacote\lib\registry.js:128:23)
67 verbose stack     at async #fetchManifest (C:\Program Files\nodejs\node_modules\npm\node_modules\@npmcli\arborist\lib\arborist\build-ideal-tree.js:1227:20)
67 verbose stack     at async #nodeFromEdge (C:\Program Files\nodejs\node_modules\npm\node_modules\@npmcli\arborist\lib\arborist\build-ideal-tree.js:1065:19)
67 verbose stack     at async #buildDepStep (C:\Program Files\nodejs\node_modules\npm\node_modules\@npmcli\arborist\lib\arborist\build-ideal-tree.js:929:11)
67 verbose stack     at async Arborist.buildIdealTree (C:\Program Files\nodejs\node_modules\npm\node_modules\@npmcli\arborist\lib\arborist\build-ideal-tree.js:182:7)
67 verbose stack     at async Promise.all (index 1)
67 verbose stack     at async Arborist.reify (C:\Program Files\nodejs\node_modules\npm\node_modules\@npmcli\arborist\lib\arborist\reify.js:114:5)
68 error code EPERM
69 error syscall unlink
70 error path D:\Bashir Projects\my Portfolio\backend\.npm-cache\_cacache\tmp\1a14455e
71 error errno EPERM
72 error FetchError: Invalid response body while trying to fetch https://registry.npmjs.org/bcryptjs: EPERM: operation not permitted, unlink 'D:\Bashir Projects\my Portfolio\backend\.npm-cache\_cacache\tmp\1a14455e'
72 error     at C:\Program Files\nodejs\node_modules\npm\node_modules\minipass-fetch\lib\body.js:170:15
72 error     at async Response.json (C:\Program Files\nodejs\node_modules\npm\node_modules\minipass-fetch\lib\body.js:75:17)
72 error     at async RegistryFetcher.packument (C:\Program Files\nodejs\node_modules\npm\node_modules\pacote\lib\registry.js:98:25)
72 error     at async RegistryFetcher.manifest (C:\Program Files\nodejs\node_modules\npm\node_modules\pacote\lib\registry.js:128:23)
72 error     at async #fetchManifest (C:\Program Files\nodejs\node_modules\npm\node_modules\@npmcli\arborist\lib\arborist\build-ideal-tree.js:1227:20)
72 error     at async #nodeFromEdge (C:\Program Files\nodejs\node_modules\npm\node_modules\@npmcli\arborist\lib\arborist\build-ideal-tree.js:1065:19)
72 error     at async #buildDepStep (C:\Program Files\nodejs\node_modules\npm\node_modules\@npmcli\arborist\lib\arborist\build-ideal-tree.js:929:11)
72 error     at async Arborist.buildIdealTree (C:\Program Files\nodejs\node_modules\npm\node_modules\@npmcli\arborist\lib\arborist\build-ideal-tree.js:182:7)
72 error     at async Promise.all (index 1)
72 error     at async Arborist.reify (C:\Program Files\nodejs\node_modules\npm\node_modules\@npmcli\arborist\lib\arborist\reify.js:114:5) {
72 error   code: 'EPERM',
72 error   errno: 'EPERM',
72 error   syscall: 'unlink',
72 error   path: 'D:\\Bashir Projects\\my Portfolio\\backend\\.npm-cache\\_cacache\\tmp\\1a14455e',
72 error   type: 'system',
72 error   requiredBy: '.'
72 error }
73 error
73 error The operation was rejected by your operating system.
73 error It's possible that the file was already in use (by a text editor or antivirus),
73 error or that you lack permissions to access it.
73 error
73 error If you believe this might be a permissions issue, please double-check the
73 error permissions of the file and its containing directories, or try running
73 error the command again as root/Administrator.
74 silly unfinished npm timer reify 1771786773260
75 silly unfinished npm timer reify:loadTrees 1771786773261
76 verbose cwd D:\Bashir Projects\my Portfolio\backend
77 verbose os Windows_NT 10.0.26200
78 verbose node v24.12.0
79 verbose npm  v11.6.2
80 verbose exit 1
81 verbose code 1
82 error A complete log of this run can be found in: D:\Bashir Projects\my Portfolio\backend\.npm-cache\_logs\2026-02-22T18_59_32_658Z-debug-0.log
